#
# There is insufficient memory for the Java Runtime Environment to continue.
# Native memory allocation (malloc) failed to allocate 62960 bytes for Chunk::new
# Possible reasons:
#   The system is out of physical RAM or swap space
#   The process is running with CompressedOops enabled, and the Java Heap may be blocking the growth of the native heap
# Possible solutions:
#   Reduce memory load on the system
#   Increase physical memory or swap space
#   Check if swap backing store is full
#   Decrease Java heap size (-Xmx/-Xms)
#   Decrease number of Java threads
#   Decrease Java thread stack sizes (-Xss)
#   Set larger code cache with -XX:ReservedCodeCacheSize=
#   JVM is running with Unscaled Compressed Oops mode in which the Java heap is
#     placed in the first 4GB address space. The Java Heap base address is the
#     maximum limit for the native heap growth. Please use -XX:HeapBaseMinAddress
#     to set the Java Heap base and to place the Java Heap above 4GB virtual address.
# This output file may be truncated or incomplete.
#
#  Out of Memory Error (t:/workspace/open/src/hotspot/share/memory/arena.cpp:197), pid=6904, tid=6996
#
# JRE version:  (11.0+28) (build )
# Java VM: Java HotSpot(TM) 64-Bit Server VM (11+28, mixed mode, tiered, compressed oops, g1 gc, windows-amd64)
# No core dump will be written. Minidumps are not enabled by default on client versions of Windows
#

---------------  S U M M A R Y ------------

Command Line: -ea -Didea.test.cyclic.buffer.size=1048576 -javaagent:C:\Program Files\JetBrains\IntelliJ IDEA Community Edition 2021.3.3\lib\idea_rt.jar=50492:C:\Program Files\JetBrains\IntelliJ IDEA Community Edition 2021.3.3\bin -Dfile.encoding=UTF-8 com.intellij.rt.junit.JUnitStarter -ideVersion5 -junit4 footballscoreboard.scoreboardgame.ScoreBoardImpTest,testSummarizedMatch

Host: Intel(R) Core(TM) i3-6006U CPU @ 2.00GHz, 4 cores, 3G,  Windows 10 , 64 bit Build 19041 (10.0.19041.3155)
Time: Fri Jul 21 12:45:47 2023 Central European Daylight Time elapsed time: 0 seconds (0d 0h 0m 0s)

---------------  T H R E A D  ---------------

Current thread (0x00000285d0eb8800):  JavaThread "main" [_thread_in_vm, id=6996, stack(0x000000c876900000,0x000000c876a00000)]

Stack: [0x000000c876900000,0x000000c876a00000]
Native frames: (J=compiled Java code, j=interpreted, Vv=VM code, C=native code)
V  [jvm.dll+0x63c22a]
V  [jvm.dll+0x7797ef]
V  [jvm.dll+0x77adda]
V  [jvm.dll+0x77b493]
V  [jvm.dll+0x262818]
V  [jvm.dll+0xc5c71]
V  [jvm.dll+0xc61fc]
V  [jvm.dll+0x1e83fd]
V  [jvm.dll+0x1e77ee]
V  [jvm.dll+0x714281]
V  [jvm.dll+0x7156a1]
V  [jvm.dll+0x7158c3]
V  [jvm.dll+0x25be48]
V  [jvm.dll+0x25c092]
V  [jvm.dll+0x5338b8]
V  [jvm.dll+0x536507]
V  [jvm.dll+0x38ce2b]
V  [jvm.dll+0x38c4f3]
C  0x00000285da9ddcee

Java frames: (J=compiled Java code, j=interpreted, Vv=VM code)
j  java.nio.charset.CharsetEncoder.replaceWith([B)Ljava/nio/charset/CharsetEncoder;+73 java.base
j  java.nio.charset.CharsetEncoder.<init>(Ljava/nio/charset/Charset;FF[B)V+100 java.base
j  java.nio.charset.CharsetEncoder.<init>(Ljava/nio/charset/Charset;FF)V+12 java.base
j  sun.nio.cs.UTF_8$Encoder.<init>(Ljava/nio/charset/Charset;)V+6 java.base
j  sun.nio.cs.UTF_8.newEncoder()Ljava/nio/charset/CharsetEncoder;+5 java.base
j  sun.nio.cs.StreamEncoder.<init>(Ljava/io/OutputStream;Ljava/lang/Object;Ljava/nio/charset/Charset;)V+4 java.base
j  sun.nio.cs.StreamEncoder.forOutputStreamWriter(Ljava/io/OutputStream;Ljava/lang/Object;Ljava/lang/String;)Lsun/nio/cs/StreamEncoder;+30 java.base
j  java.io.OutputStreamWriter.<init>(Ljava/io/OutputStream;)V+12 java.base
j  java.io.PrintStream.<init>(ZLjava/io/OutputStream;)V+26 java.base
j  java.io.PrintStream.<init>(Ljava/io/OutputStream;Z)V+11 java.base
j  java.lang.System.newPrintStream(Ljava/io/FileOutputStream;Ljava/lang/String;)Ljava/io/PrintStream;+42 java.base
j  java.lang.System.initPhase1()V+96 java.base
v  ~StubRoutines::call_stub

---------------  P R O C E S S  ---------------

Threads class SMR info:
_java_thread_list=0x00000285ef2ff450, length=3, elements={
0x00000285d0eb8800, 0x00000285ef321800, 0x00000285ef322800
}

Java Threads: ( => current thread )
=>0x00000285d0eb8800 JavaThread "main" [_thread_in_vm, id=6996, stack(0x000000c876900000,0x000000c876a00000)]
  0x00000285ef321800 JavaThread "Reference Handler" daemon [_thread_blocked, id=3700, stack(0x000000c877000000,0x000000c877100000)]
  0x00000285ef322800 JavaThread "Finalizer" daemon [_thread_blocked, id=7528, stack(0x000000c877100000,0x000000c877200000)]

Other Threads:
  0x00000285ef2fb800 VMThread "VM Thread" [stack: 0x000000c876f00000,0x000000c877000000] [id=4716]
  0x00000285d0ed0800 GCTaskThread "GC Thread#0" [stack: 0x000000c876a00000,0x000000c876b00000] [id=6900]
  0x00000285d0ee9800 ConcurrentGCThread "G1 Main Marker" [stack: 0x000000c876b00000,0x000000c876c00000] [id=984]
  0x00000285d0eeb000 ConcurrentGCThread "G1 Conc#0" [stack: 0x000000c876c00000,0x000000c876d00000] [id=1692]
  0x00000285d0f3f800 ConcurrentGCThread "G1 Refine#0" [stack: 0x000000c876d00000,0x000000c876e00000] [id=10156]
  0x00000285d0f41000 ConcurrentGCThread "G1 Young RemSet Sampling" [stack: 0x000000c876e00000,0x000000c876f00000] [id=7424]

Threads with active compile tasks:

VM state:not at safepoint (normal execution)

VM Mutex/Monitor currently owned by a thread: None

Heap address: 0x00000000c1400000, size: 1004 MB, Compressed Oops mode: 32-bit
Narrow klass base: 0x0000000000000000, Narrow klass shift: 3
Compressed class space size: 1073741824 Address: 0x0000000100000000

Heap:
 garbage-first heap   total 65536K, used 0K [0x00000000c1400000, 0x0000000100000000)
  region size 1024K, 1 young (1024K), 0 survivors (0K)
 Metaspace       used 1895K, capacity 2184K, committed 2432K, reserved 1060864K
  class space    used 154K, capacity 384K, committed 384K, reserved 1048576K
Heap Regions: E=young(eden), S=young(survivor), O=old, HS=humongous(starts), HC=humongous(continues), CS=collection set, F=free, A=archive, TAMS=top-at-mark-start (previous, next)
|   0|0x00000000c1400000, 0x00000000c1400000, 0x00000000c1500000|  0%| F|  |TAMS 0x00000000c1400000, 0x00000000c1400000| Untracked 
|   1|0x00000000c1500000, 0x00000000c1500000, 0x00000000c1600000|  0%| F|  |TAMS 0x00000000c1500000, 0x00000000c1500000| Untracked 
|   2|0x00000000c1600000, 0x00000000c1600000, 0x00000000c1700000|  0%| F|  |TAMS 0x00000000c1600000, 0x00000000c1600000| Untracked 
|   3|0x00000000c1700000, 0x00000000c1700000, 0x00000000c1800000|  0%| F|  |TAMS 0x00000000c1700000, 0x00000000c1700000| Untracked 
|   4|0x00000000c1800000, 0x00000000c1800000, 0x00000000c1900000|  0%| F|  |TAMS 0x00000000c1800000, 0x00000000c1800000| Untracked 
|   5|0x00000000c1900000, 0x00000000c1900000, 0x00000000c1a00000|  0%| F|  |TAMS 0x00000000c1900000, 0x00000000c1900000| Untracked 
|   6|0x00000000c1a00000, 0x00000000c1a00000, 0x00000000c1b00000|  0%| F|  |TAMS 0x00000000c1a00000, 0x00000000c1a00000| Untracked 
|   7|0x00000000c1b00000, 0x00000000c1b00000, 0x00000000c1c00000|  0%| F|  |TAMS 0x00000000c1b00000, 0x00000000c1b00000| Untracked 
|   8|0x00000000c1c00000, 0x00000000c1c00000, 0x00000000c1d00000|  0%| F|  |TAMS 0x00000000c1c00000, 0x00000000c1c00000| Untracked 
|   9|0x00000000c1d00000, 0x00000000c1d00000, 0x00000000c1e00000|  0%| F|  |TAMS 0x00000000c1d00000, 0x00000000c1d00000| Untracked 
|  10|0x00000000c1e00000, 0x00000000c1e00000, 0x00000000c1f00000|  0%| F|  |TAMS 0x00000000c1e00000, 0x00000000c1e00000| Untracked 
|  11|0x00000000c1f00000, 0x00000000c1f00000, 0x00000000c2000000|  0%| F|  |TAMS 0x00000000c1f00000, 0x00000000c1f00000| Untracked 
|  12|0x00000000c2000000, 0x00000000c2000000, 0x00000000c2100000|  0%| F|  |TAMS 0x00000000c2000000, 0x00000000c2000000| Untracked 
|  13|0x00000000c2100000, 0x00000000c2100000, 0x00000000c2200000|  0%| F|  |TAMS 0x00000000c2100000, 0x00000000c2100000| Untracked 
|  14|0x00000000c2200000, 0x00000000c2200000, 0x00000000c2300000|  0%| F|  |TAMS 0x00000000c2200000, 0x00000000c2200000| Untracked 
|  15|0x00000000c2300000, 0x00000000c2300000, 0x00000000c2400000|  0%| F|  |TAMS 0x00000000c2300000, 0x00000000c2300000| Untracked 
|  16|0x00000000c2400000, 0x00000000c2400000, 0x00000000c2500000|  0%| F|  |TAMS 0x00000000c2400000, 0x00000000c2400000| Untracked 
|  17|0x00000000c2500000, 0x00000000c2500000, 0x00000000c2600000|  0%| F|  |TAMS 0x00000000c2500000, 0x00000000c2500000| Untracked 
|  18|0x00000000c2600000, 0x00000000c2600000, 0x00000000c2700000|  0%| F|  |TAMS 0x00000000c2600000, 0x00000000c2600000| Untracked 
|  19|0x00000000c2700000, 0x00000000c2700000, 0x00000000c2800000|  0%| F|  |TAMS 0x00000000c2700000, 0x00000000c2700000| Untracked 
|  20|0x00000000c2800000, 0x00000000c2800000, 0x00000000c2900000|  0%| F|  |TAMS 0x00000000c2800000, 0x00000000c2800000| Untracked 
|  21|0x00000000c2900000, 0x00000000c2900000, 0x00000000c2a00000|  0%| F|  |TAMS 0x00000000c2900000, 0x00000000c2900000| Untracked 
|  22|0x00000000c2a00000, 0x00000000c2a00000, 0x00000000c2b00000|  0%| F|  |TAMS 0x00000000c2a00000, 0x00000000c2a00000| Untracked 
|  23|0x00000000c2b00000, 0x00000000c2b00000, 0x00000000c2c00000|  0%| F|  |TAMS 0x00000000c2b00000, 0x00000000c2b00000| Untracked 
|  24|0x00000000c2c00000, 0x00000000c2c00000, 0x00000000c2d00000|  0%| F|  |TAMS 0x00000000c2c00000, 0x00000000c2c00000| Untracked 
|  25|0x00000000c2d00000, 0x00000000c2d00000, 0x00000000c2e00000|  0%| F|  |TAMS 0x00000000c2d00000, 0x00000000c2d00000| Untracked 
|  26|0x00000000c2e00000, 0x00000000c2e00000, 0x00000000c2f00000|  0%| F|  |TAMS 0x00000000c2e00000, 0x00000000c2e00000| Untracked 
|  27|0x00000000c2f00000, 0x00000000c2f00000, 0x00000000c3000000|  0%| F|  |TAMS 0x00000000c2f00000, 0x00000000c2f00000| Untracked 
|  28|0x00000000c3000000, 0x00000000c3000000, 0x00000000c3100000|  0%| F|  |TAMS 0x00000000c3000000, 0x00000000c3000000| Untracked 
|  29|0x00000000c3100000, 0x00000000c3100000, 0x00000000c3200000|  0%| F|  |TAMS 0x00000000c3100000, 0x00000000c3100000| Untracked 
|  30|0x00000000c3200000, 0x00000000c3200000, 0x00000000c3300000|  0%| F|  |TAMS 0x00000000c3200000, 0x00000000c3200000| Untracked 
|  31|0x00000000c3300000, 0x00000000c3300000, 0x00000000c3400000|  0%| F|  |TAMS 0x00000000c3300000, 0x00000000c3300000| Untracked 
|  32|0x00000000c3400000, 0x00000000c3400000, 0x00000000c3500000|  0%| F|  |TAMS 0x00000000c3400000, 0x00000000c3400000| Untracked 
|  33|0x00000000c3500000, 0x00000000c3500000, 0x00000000c3600000|  0%| F|  |TAMS 0x00000000c3500000, 0x00000000c3500000| Untracked 
|  34|0x00000000c3600000, 0x00000000c3600000, 0x00000000c3700000|  0%| F|  |TAMS 0x00000000c3600000, 0x00000000c3600000| Untracked 
|  35|0x00000000c3700000, 0x00000000c3700000, 0x00000000c3800000|  0%| F|  |TAMS 0x00000000c3700000, 0x00000000c3700000| Untracked 
|  36|0x00000000c3800000, 0x00000000c3800000, 0x00000000c3900000|  0%| F|  |TAMS 0x00000000c3800000, 0x00000000c3800000| Untracked 
|  37|0x00000000c3900000, 0x00000000c3900000, 0x00000000c3a00000|  0%| F|  |TAMS 0x00000000c3900000, 0x00000000c3900000| Untracked 
|  38|0x00000000c3a00000, 0x00000000c3a00000, 0x00000000c3b00000|  0%| F|  |TAMS 0x00000000c3a00000, 0x00000000c3a00000| Untracked 
|  39|0x00000000c3b00000, 0x00000000c3b00000, 0x00000000c3c00000|  0%| F|  |TAMS 0x00000000c3b00000, 0x00000000c3b00000| Untracked 
|  40|0x00000000c3c00000, 0x00000000c3c00000, 0x00000000c3d00000|  0%| F|  |TAMS 0x00000000c3c00000, 0x00000000c3c00000| Untracked 
|  41|0x00000000c3d00000, 0x00000000c3d00000, 0x00000000c3e00000|  0%| F|  |TAMS 0x00000000c3d00000, 0x00000000c3d00000| Untracked 
|  42|0x00000000c3e00000, 0x00000000c3e00000, 0x00000000c3f00000|  0%| F|  |TAMS 0x00000000c3e00000, 0x00000000c3e00000| Untracked 
|  43|0x00000000c3f00000, 0x00000000c3f00000, 0x00000000c4000000|  0%| F|  |TAMS 0x00000000c3f00000, 0x00000000c3f00000| Untracked 
|  44|0x00000000c4000000, 0x00000000c4000000, 0x00000000c4100000|  0%| F|  |TAMS 0x00000000c4000000, 0x00000000c4000000| Untracked 
|  45|0x00000000c4100000, 0x00000000c4100000, 0x00000000c4200000|  0%| F|  |TAMS 0x00000000c4100000, 0x00000000c4100000| Untracked 
|  46|0x00000000c4200000, 0x00000000c4200000, 0x00000000c4300000|  0%| F|  |TAMS 0x00000000c4200000, 0x00000000c4200000| Untracked 
|  47|0x00000000c4300000, 0x00000000c4300000, 0x00000000c4400000|  0%| F|  |TAMS 0x00000000c4300000, 0x00000000c4300000| Untracked 
|  48|0x00000000c4400000, 0x00000000c4400000, 0x00000000c4500000|  0%| F|  |TAMS 0x00000000c4400000, 0x00000000c4400000| Untracked 
|  49|0x00000000c4500000, 0x00000000c4500000, 0x00000000c4600000|  0%| F|  |TAMS 0x00000000c4500000, 0x00000000c4500000| Untracked 
|  50|0x00000000c4600000, 0x00000000c4600000, 0x00000000c4700000|  0%| F|  |TAMS 0x00000000c4600000, 0x00000000c4600000| Untracked 
|  51|0x00000000c4700000, 0x00000000c4700000, 0x00000000c4800000|  0%| F|  |TAMS 0x00000000c4700000, 0x00000000c4700000| Untracked 
|  52|0x00000000c4800000, 0x00000000c4800000, 0x00000000c4900000|  0%| F|  |TAMS 0x00000000c4800000, 0x00000000c4800000| Untracked 
|  53|0x00000000c4900000, 0x00000000c4900000, 0x00000000c4a00000|  0%| F|  |TAMS 0x00000000c4900000, 0x00000000c4900000| Untracked 
|  54|0x00000000c4a00000, 0x00000000c4a00000, 0x00000000c4b00000|  0%| F|  |TAMS 0x00000000c4a00000, 0x00000000c4a00000| Untracked 
|  55|0x00000000c4b00000, 0x00000000c4b00000, 0x00000000c4c00000|  0%| F|  |TAMS 0x00000000c4b00000, 0x00000000c4b00000| Untracked 
|  56|0x00000000c4c00000, 0x00000000c4c00000, 0x00000000c4d00000|  0%| F|  |TAMS 0x00000000c4c00000, 0x00000000c4c00000| Untracked 
|  57|0x00000000c4d00000, 0x00000000c4d00000, 0x00000000c4e00000|  0%| F|  |TAMS 0x00000000c4d00000, 0x00000000c4d00000| Untracked 
|  58|0x00000000c4e00000, 0x00000000c4e00000, 0x00000000c4f00000|  0%| F|  |TAMS 0x00000000c4e00000, 0x00000000c4e00000| Untracked 
|  59|0x00000000c4f00000, 0x00000000c4f00000, 0x00000000c5000000|  0%| F|  |TAMS 0x00000000c4f00000, 0x00000000c4f00000| Untracked 
|  60|0x00000000c5000000, 0x00000000c5000000, 0x00000000c5100000|  0%| F|  |TAMS 0x00000000c5000000, 0x00000000c5000000| Untracked 
|  61|0x00000000c5100000, 0x00000000c5100000, 0x00000000c5200000|  0%| F|  |TAMS 0x00000000c5100000, 0x00000000c5100000| Untracked 
|  62|0x00000000c5200000, 0x00000000c5200000, 0x00000000c5300000|  0%| F|  |TAMS 0x00000000c5200000, 0x00000000c5200000| Untracked 
|  63|0x00000000c5300000, 0x00000000c538f690, 0x00000000c5400000| 56%| E|  |TAMS 0x00000000c5300000, 0x00000000c5300000| Complete 

Card table byte_map: [0x00000285ea1f0000,0x00000285ea3f0000] _byte_map_base: 0x00000285e9be6000

Marking Bits (Prev, Next): (CMBitMap*) 0x00000285d0ee4fd8, (CMBitMap*) 0x00000285d0ee5010
 Prev Bits: [0x00000285ea5f0000, 0x00000285eb5a0000)
 Next Bits: [0x00000285eb5a0000, 0x00000285ec550000)

Polling page: 0x00000285d0fa0000

Metaspace:

Usage:
  Non-class:      1.76 MB capacity,     1.70 MB ( 97%) used,    57.16 KB (  3%) free+waste,     1.88 KB ( <1%) overhead. 
      Class:    384.00 KB capacity,   154.95 KB ( 40%) used,   228.99 KB ( 60%) free+waste,    64 bytes ( <1%) overhead. 
       Both:      2.13 MB capacity,     1.85 MB ( 87%) used,   286.15 KB ( 13%) free+waste,     1.94 KB ( <1%) overhead. 

Virtual space:
  Non-class space:       12.00 MB reserved,       2.00 MB ( 17%) committed 
      Class space:        1.00 GB reserved,     384.00 KB ( <1%) committed 
             Both:        1.01 GB reserved,       2.38 MB ( <1%) committed 

Chunk freelists:
   Non-Class:  7.00 KB
       Class:  0 bytes
        Both:  7.00 KB

CodeHeap 'non-profiled nmethods': size=120064Kb used=0Kb max_used=0Kb free=120064Kb
 bounds [0x00000285e2480000, 0x00000285e26f0000, 0x00000285e99c0000]
CodeHeap 'profiled nmethods': size=120000Kb used=0Kb max_used=0Kb free=120000Kb
 bounds [0x00000285daf50000, 0x00000285db1c0000, 0x00000285e2480000]
CodeHeap 'non-nmethods': size=5696Kb used=364Kb max_used=364Kb free=5331Kb
 bounds [0x00000285da9c0000, 0x00000285dac30000, 0x00000285daf50000]
 total_blobs=154 nmethods=0 adapters=110
 compilation: enabled
              stopped_count=0, restarted_count=0
 full_count=0

Compilation events (0 events):
No events

GC Heap History (0 events):
No events

Deoptimization events (0 events):
No events

Classes redefined (0 events):
No events

Internal exceptions (0 events):
No events

Events (10 events):
Event: 0.236 loading class sun/nio/cs/HistoricallyNamedCharset done
Event: 0.236 loading class sun/nio/cs/Unicode done
Event: 0.236 loading class sun/nio/cs/UTF_8 done
Event: 0.236 loading class sun/nio/cs/UTF_8$Encoder
Event: 0.236 loading class java/nio/charset/CharsetEncoder
Event: 0.236 loading class java/nio/charset/CharsetEncoder done
Event: 0.236 loading class sun/nio/cs/UTF_8$Encoder done
Event: 0.237 loading class java/nio/charset/CodingErrorAction
Event: 0.237 loading class java/nio/charset/CodingErrorAction done
Event: 0.237 loading class java/util/Arrays


Dynamic libraries:
0x00007ff6a2040000 - 0x00007ff6a2087000 	D:\Program Files\Java\jdk-11\bin\java.exe
0x00007fffb5770000 - 0x00007fffb5968000 	C:\WINDOWS\SYSTEM32\ntdll.dll
0x00007fffb3d40000 - 0x00007fffb3dff000 	C:\WINDOWS\System32\KERNEL32.DLL
0x00007fffb2e20000 - 0x00007fffb3116000 	C:\WINDOWS\System32\KERNELBASE.dll
0x00007fffb4520000 - 0x00007fffb45cf000 	C:\WINDOWS\System32\ADVAPI32.dll
0x00007fffb4960000 - 0x00007fffb49fe000 	C:\WINDOWS\System32\msvcrt.dll
0x00007fffb3b00000 - 0x00007fffb3b9c000 	C:\WINDOWS\System32\sechost.dll
0x00007fffb4660000 - 0x00007fffb4786000 	C:\WINDOWS\System32\RPCRT4.dll
0x00007fffb3ba0000 - 0x00007fffb3d3d000 	C:\WINDOWS\System32\USER32.dll
0x00007fffb3120000 - 0x00007fffb3142000 	C:\WINDOWS\System32\win32u.dll
0x00007fffb3800000 - 0x00007fffb382c000 	C:\WINDOWS\System32\GDI32.dll
0x00007fffb3480000 - 0x00007fffb3595000 	C:\WINDOWS\System32\gdi32full.dll
0x00007fffb35a0000 - 0x00007fffb363d000 	C:\WINDOWS\System32\msvcp_win.dll
0x00007fffb3380000 - 0x00007fffb3480000 	C:\WINDOWS\System32\ucrtbase.dll
0x00007fffad780000 - 0x00007fffad78a000 	C:\WINDOWS\SYSTEM32\VERSION.dll
0x00007fffa1200000 - 0x00007fffa149a000 	C:\WINDOWS\WinSxS\amd64_microsoft.windows.common-controls_6595b64144ccf1df_6.0.19041.1110_none_60b5254171f9507e\COMCTL32.dll
0x00007fffb3ad0000 - 0x00007fffb3b00000 	C:\WINDOWS\System32\IMM32.DLL
0x00007fff9dcd0000 - 0x00007fff9dce6000 	D:\Program Files\Java\jdk-11\bin\vcruntime140.dll
0x00007fff942a0000 - 0x00007fff9434a000 	D:\Program Files\Java\jdk-11\bin\msvcp140.dll
0x00007fff7c180000 - 0x00007fff7ccc2000 	D:\Program Files\Java\jdk-11\bin\server\jvm.dll
0x00007fffb39f0000 - 0x00007fffb39f8000 	C:\WINDOWS\System32\PSAPI.DLL
0x00007fffae900000 - 0x00007fffae909000 	C:\WINDOWS\SYSTEM32\WSOCK32.dll
0x00007fffb3840000 - 0x00007fffb38ab000 	C:\WINDOWS\System32\WS2_32.dll
0x00007fff8ea80000 - 0x00007fff8eaa7000 	C:\WINDOWS\SYSTEM32\WINMM.dll
0x00007fffb0cd0000 - 0x00007fffb0ce2000 	C:\WINDOWS\SYSTEM32\kernel.appcore.dll
0x00007fff9d7c0000 - 0x00007fff9d7d1000 	D:\Program Files\Java\jdk-11\bin\verify.dll
0x00007fff9bd70000 - 0x00007fff9bf54000 	C:\WINDOWS\SYSTEM32\DBGHELP.DLL
0x00007fff9bd10000 - 0x00007fff9bd44000 	C:\WINDOWS\SYSTEM32\dbgcore.DLL
0x00007fffb32f0000 - 0x00007fffb3372000 	C:\WINDOWS\System32\bcryptPrimitives.dll
0x00007fff9d760000 - 0x00007fff9d789000 	D:\Program Files\Java\jdk-11\bin\java.dll
0x00007fff950c0000 - 0x00007fff950ef000 	D:\Program Files\Java\jdk-11\bin\instrument.dll
0x00007fff9bfa0000 - 0x00007fff9bfb6000 	D:\Program Files\Java\jdk-11\bin\zip.dll
0x00007fff9de70000 - 0x00007fff9de7a000 	D:\Program Files\Java\jdk-11\bin\jimage.dll
0x00007fffb4f20000 - 0x00007fffb5664000 	C:\WINDOWS\System32\SHELL32.dll
0x00007fffb0ed0000 - 0x00007fffb1664000 	C:\WINDOWS\SYSTEM32\windows.storage.dll
0x00007fffb4030000 - 0x00007fffb4384000 	C:\WINDOWS\System32\combase.dll
0x00007fffb2790000 - 0x00007fffb27be000 	C:\WINDOWS\SYSTEM32\Wldp.dll
0x00007fffb48b0000 - 0x00007fffb495d000 	C:\WINDOWS\System32\SHCORE.dll
0x00007fffb37a0000 - 0x00007fffb37f5000 	C:\WINDOWS\System32\shlwapi.dll
0x00007fffb2d50000 - 0x00007fffb2d75000 	C:\WINDOWS\SYSTEM32\profapi.dll

dbghelp: loaded successfully - version: 4.0.5 - missing functions: none
symbol engine: initialized successfully - sym options: 0x614 - pdb path: .;D:\Program Files\Java\jdk-11\bin;C:\WINDOWS\SYSTEM32;C:\WINDOWS\WinSxS\amd64_microsoft.windows.common-controls_6595b64144ccf1df_6.0.19041.1110_none_60b5254171f9507e;D:\Program Files\Java\jdk-11\bin\server

VM Arguments:
jvm_args: -ea -Didea.test.cyclic.buffer.size=1048576 -javaagent:C:\Program Files\JetBrains\IntelliJ IDEA Community Edition 2021.3.3\lib\idea_rt.jar=50492:C:\Program Files\JetBrains\IntelliJ IDEA Community Edition 2021.3.3\bin -Dfile.encoding=UTF-8 
java_command: com.intellij.rt.junit.JUnitStarter -ideVersion5 -junit4 footballscoreboard.scoreboardgame.ScoreBoardImpTest,testSummarizedMatch
java_class_path (initial): C:\Program Files\JetBrains\IntelliJ IDEA Community Edition 2021.3.3\lib\idea_rt.jar;C:\Program Files\JetBrains\IntelliJ IDEA Community Edition 2021.3.3\plugins\junit\lib\junit5-rt.jar;C:\Program Files\JetBrains\IntelliJ IDEA Community Edition 2021.3.3\plugins\junit\lib\junit-rt.jar;C:\Users\ERIN_JAVALead\IdeaProjects\SportRader\target\test-classes;C:\Users\ERIN_JAVALead\IdeaProjects\SportRader\target\classes;C:\Users\ERIN_JAVALead\.m2\repository\junit\junit\4.13.1\junit-4.13.1.jar;C:\Users\ERIN_JAVALead\.m2\repository\org\hamcrest\hamcrest-core\1.3\hamcrest-core-1.3.jar
Launcher Type: SUN_STANDARD

[Global flags]
     intx CICompilerCount                          = 3                                         {product} {ergonomic}
     uint ConcGCThreads                            = 1                                         {product} {ergonomic}
     uint G1ConcRefinementThreads                  = 4                                         {product} {ergonomic}
   size_t G1HeapRegionSize                         = 1048576                                   {product} {ergonomic}
    uintx GCDrainStackTargetSize                   = 64                                        {product} {ergonomic}
   size_t InitialHeapSize                          = 67108864                                  {product} {ergonomic}
   size_t MarkStackSize                            = 4194304                                   {product} {ergonomic}
   size_t MaxHeapSize                              = 1052770304                                {product} {ergonomic}
   size_t MaxNewSize                               = 631242752                                 {product} {ergonomic}
   size_t MinHeapDeltaBytes                        = 1048576                                   {product} {ergonomic}
    uintx NonNMethodCodeHeapSize                   = 5830092                                {pd product} {ergonomic}
    uintx NonProfiledCodeHeapSize                  = 122914074                              {pd product} {ergonomic}
    uintx ProfiledCodeHeapSize                     = 122914074                              {pd product} {ergonomic}
    uintx ReservedCodeCacheSize                    = 251658240                              {pd product} {ergonomic}
     bool SegmentedCodeCache                       = true                                      {product} {ergonomic}
     bool UseCompressedClassPointers               = true                                 {lp64_product} {ergonomic}
     bool UseCompressedOops                        = true                                 {lp64_product} {ergonomic}
     bool UseG1GC                                  = true                                      {product} {ergonomic}
     bool UseLargePagesIndividualAllocation        = false                                  {pd product} {ergonomic}

Logging:
Log output configuration:
 #0: stdout all=warning uptime,level,tags
 #1: stderr all=off uptime,level,tags

Environment Variables:
PATH=C:\WINDOWS\system32;C:\WINDOWS;C:\WINDOWS\System32\Wbem;C:\WINDOWS\System32\WindowsPowerShell\v1.0\;C:\WINDOWS\System32\OpenSSH\;C:\Program Files (x86)\nodejs\;C:\Program Files (x86)\nodejs\npm;C:\Users\ERIN_JAVALead\AppData\Roaming\npm;C:\Program Files\Git\cmd;C:\Program Files (x86)\dotnet\;C:\Program Files (x86)\Microsoft SQL Server\160\DTS\Binn\;C:\Program Files\Azure Data Studio\bin;C:\Program Files (x86)\Microsoft SQL Server\160\Tools\Binn\;C:\Program Files\Microsoft SQL Server\160\Tools\Binn\;C:\Program Files\Microsoft SQL Server\Client SDK\ODBC\170\Tools\Binn\;C:\Program Files\Microsoft SQL Server\160\DTS\Binn\;C:\Users\ERIN_JAVALead\AppData\Local\Microsoft\WindowsApps;;C:\Users\ERIN_JAVALead\AppData\Local\Programs\Microsoft VS Code\bin;C:\Users\ERIN_JAVALead\AppData\Roaming\npm;C:\Program Files\Azure Data Studio\bin
USERNAME=ERIN_JAVALead
OS=Windows_NT
PROCESSOR_IDENTIFIER=Intel64 Family 6 Model 78 Stepping 3, GenuineIntel



---------------  S Y S T E M  ---------------

OS: Windows 10 , 64 bit Build 19041 (10.0.19041.3155)

CPU:total 4 (initial active 4) (2 cores per cpu, 2 threads per core) family 6 model 78 stepping 3, cmov, cx8, fxsr, mmx, sse, sse2, sse3, ssse3, sse4.1, sse4.2, popcnt, avx, avx2, aes, clmul, erms, 3dnowpref, lzcnt, ht, tsc, tscinvbit, bmi1, bmi2, adx, fma

Memory: 4k page, system-wide physical 4012M (375M free)
TotalPageFile size 6060M (AvailPageFile size 13M)
current process WorkingSet (physical memory assigned to process): 20M, peak: 20M
current process commit charge ("private bytes"): 123M, peak: 123M

vm_info: Java HotSpot(TM) 64-Bit Server VM (11+28) for windows-amd64 JRE (11+28), built on Aug 23 2018 03:03:59 by "mach5one" with MS VC++ 15.5 (VS2017)

END.
